Using pre-set license
Built from '2021.1/staging' branch; Version is '2021.1.7f1 (d91830b65d9b) revision 14227504'; Using compiler version '192528614'; Build Type 'Release'
OS: 'Windows 10 Home; OS build 19041.1052; Version 2004; 64bit' Language: 'en' Physical Memory: 8065 MB
BatchMode: 1, IsHumanControllingUs: 0, StartBugReporterOnCrash: 0, Is64bit: 1, IsPro: 0

 COMMAND LINE ARGUMENTS:
D:\Program Files (x86)\Unity Editors\2021.1.7f1\Editor\Unity.exe
-adb2
-batchMode
-noUpm
-name
AssetImportWorker16
-projectPath
D:/Desktop/Game Dev/Project Vrij I/Project Map/WizardGame/ProjectVrij
-logFile
Logs/AssetImportWorker16.log
-srvPort
55936
Successfully changed project path to: D:/Desktop/Game Dev/Project Vrij I/Project Map/WizardGame/ProjectVrij
D:/Desktop/Game Dev/Project Vrij I/Project Map/WizardGame/ProjectVrij
Using Asset Import Pipeline V2.
Refreshing native plugins compatible for Editor in 134.32 ms, found 1 plugins.
Preloading 0 native plugins for Editor in 0.00 ms.
Initialize engine version: 2021.1.7f1 (d91830b65d9b)
[Subsystems] Discovering subsystems at path D:/Program Files (x86)/Unity Editors/2021.1.7f1/Editor/Data/Resources/UnitySubsystems
[Subsystems] Discovering subsystems at path D:/Desktop/Game Dev/Project Vrij I/Project Map/WizardGame/ProjectVrij/Assets
GfxDevice: creating device client; threaded=0; jobified=0
Direct3D:
    Version:  Direct3D 11.0 [level 11.1]
    Renderer: NVIDIA GeForce GTX 1050 (ID=0x1c8d)
    Vendor:   NVIDIA
    VRAM:     4021 MB
    Driver:   27.21.14.6089
Initialize mono
Mono path[0] = 'D:/Program Files (x86)/Unity Editors/2021.1.7f1/Editor/Data/Managed'
Mono path[1] = 'D:/Program Files (x86)/Unity Editors/2021.1.7f1/Editor/Data/MonoBleedingEdge/lib/mono/unityjit'
Mono config path = 'D:/Program Files (x86)/Unity Editors/2021.1.7f1/Editor/Data/MonoBleedingEdge/etc'
Using monoOptions --debugger-agent=transport=dt_socket,embedding=1,server=y,suspend=n,address=127.0.0.1:56368
Begin MonoManager ReloadAssembly
Registering precompiled unity dll's ...
Register platform support module: D:/Program Files (x86)/Unity Editors/2021.1.7f1/Editor/Data/PlaybackEngines/WindowsStandaloneSupport/UnityEditor.WindowsStandalone.Extensions.dll
Registered in 0.001199 seconds.
Native extension for WindowsStandalone target not found
Refreshing native plugins compatible for Editor in 123.38 ms, found 1 plugins.
Preloading 0 native plugins for Editor in 0.00 ms.
Mono: successfully reloaded assembly
- Completed reload, in  1.182 seconds
Platform modules already initialized, skipping
Registering precompiled user dll's ...
Registered in 0.002589 seconds.
Begin MonoManager ReloadAssembly
Symbol file LoadedFromMemory doesn't match image D:\Desktop\Game Dev\Project Vrij I\Project Map\WizardGame\ProjectVrij\Library\PackageCache\com.unity.visualscripting@1.6.1\Editor\VisualScripting.Core\Dependencies\YamlDotNet\Unity.VisualScripting.YamlDotNet.dll
Symbol file LoadedFromMemory doesn't match image D:\Desktop\Game Dev\Project Vrij I\Project Map\WizardGame\ProjectVrij\Library\PackageCache\com.unity.visualscripting@1.6.1\Editor\VisualScripting.Core\Dependencies\DotNetZip\Unity.VisualScripting.IonicZip.dll
Native extension for WindowsStandalone target not found
Refreshing native plugins compatible for Editor in 136.83 ms, found 1 plugins.
Preloading 0 native plugins for Editor in 0.00 ms.
Mono: successfully reloaded assembly
- Completed reload, in 13.228 seconds
Platform modules already initialized, skipping
========================================================================
Worker process is ready to serve import requests
Launched and connected shader compiler UnityShaderCompiler.exe after 0.42 seconds
Refreshing native plugins compatible for Editor in 0.83 ms, found 1 plugins.
Preloading 0 native plugins for Editor in 0.00 ms.
Unloading 5366 Unused Serialized files (Serialized files now loaded: 0)
System memory in use before: 224.3 MB.
System memory in use after: 221.5 MB.

Unloading 49 unused Assets to reduce memory usage. Loaded Objects now: 5808.
Total: 4.711400 ms (FindLiveObjects: 0.392600 ms CreateObjectMapping: 0.255100 ms MarkObjects: 2.427400 ms  DeleteObjects: 1.635600 ms)

========================================================================
Received Import Request.
  path: Assets/Dave Character Controller/Player.prefab
  artifactKey: Guid(6c11bb6bbad8a364f978db38e34f3efd) Importer(815301076,1909f56bfc062723c751e8b465ee728b)
Start importing Assets/Dave Character Controller/Player.prefab using Guid(6c11bb6bbad8a364f978db38e34f3efd) Importer(815301076,1909f56bfc062723c751e8b465ee728b) Launched and connected shader compiler UnityShaderCompiler.exe after 0.29 seconds
Launched and connected shader compiler UnityShaderCompiler.exe after 0.06 seconds
Launched and connected shader compiler UnityShaderCompiler.exe after 0.06 seconds
Launched and connected shader compiler UnityShaderCompiler.exe after 0.06 seconds
Launched and connected shader compiler UnityShaderCompiler.exe after 0.06 seconds
Launched and connected shader compiler UnityShaderCompiler.exe after 0.06 seconds
Launched and connected shader compiler UnityShaderCompiler.exe after 0.06 seconds
Launched and connected shader compiler UnityShaderCompiler.exe after 0.06 seconds
Launched and connected shader compiler UnityShaderCompiler.exe after 0.06 seconds
Launched and connected shader compiler UnityShaderCompiler.exe after 0.06 seconds
Launched and connected shader compiler UnityShaderCompiler.exe after 0.06 seconds
 -> (artifact id: '0acbf7442cc910c8981ae8212a52cbd6') in 4.372912 seconds 
========================================================================
Received Import Request.
  Time since last request: 1218.458606 seconds.
  path: Assets/Scripts/Menu_Behaviour.cs
  artifactKey: Guid(c6c01e39b4df69f4c94a6d0a71840223) Importer(815301076,1909f56bfc062723c751e8b465ee728b)
Start importing Assets/Scripts/Menu_Behaviour.cs using Guid(c6c01e39b4df69f4c94a6d0a71840223) Importer(815301076,1909f56bfc062723c751e8b465ee728b)  -> (artifact id: 'ad0905a5aada61e95bdcad932f6ff817') in 0.007593 seconds 
========================================================================
Received Import Request.
  Time since last request: 0.006252 seconds.
  path: Assets/Scripts/Grab_System.cs
  artifactKey: Guid(a6947e1afaeb0a34bacc60de5dbd43b1) Importer(815301076,1909f56bfc062723c751e8b465ee728b)
Start importing Assets/Scripts/Grab_System.cs using Guid(a6947e1afaeb0a34bacc60de5dbd43b1) Importer(815301076,1909f56bfc062723c751e8b465ee728b)  -> (artifact id: '9404e4297fed25b8db2d863565c58fcf') in 0.001838 seconds 
========================================================================
Received Import Request.
  Time since last request: 0.026180 seconds.
  path: Assets/Scripts/cutsceneControl.cs
  artifactKey: Guid(d044cba05be58084298c9d2d3dd0d650) Importer(815301076,1909f56bfc062723c751e8b465ee728b)
Start importing Assets/Scripts/cutsceneControl.cs using Guid(d044cba05be58084298c9d2d3dd0d650) Importer(815301076,1909f56bfc062723c751e8b465ee728b)  -> (artifact id: '71c4f8b765eac82209cfecc118967e58') in 0.023356 seconds 
========================================================================
Received Prepare
Registering precompiled user dll's ...
Registered in 0.128319 seconds.
Begin MonoManager ReloadAssembly
Symbol file LoadedFromMemory doesn't match image D:\Desktop\Game Dev\Project Vrij I\Project Map\WizardGame\ProjectVrij\Library\PackageCache\com.unity.visualscripting@1.6.1\Editor\VisualScripting.Core\Dependencies\YamlDotNet\Unity.VisualScripting.YamlDotNet.dll
Symbol file LoadedFromMemory doesn't match image D:\Desktop\Game Dev\Project Vrij I\Project Map\WizardGame\ProjectVrij\Library\PackageCache\com.unity.visualscripting@1.6.1\Editor\VisualScripting.Core\Dependencies\DotNetZip\Unity.VisualScripting.IonicZip.dll
Native extension for WindowsStandalone target not found
Refreshing native plugins compatible for Editor in 1.23 ms, found 1 plugins.
Preloading 0 native plugins for Editor in 0.00 ms.
Mono: successfully reloaded assembly
- Completed reload, in 17.192 seconds
Platform modules already initialized, skipping
Refreshing native plugins compatible for Editor in 0.88 ms, found 1 plugins.
Preloading 0 native plugins for Editor in 0.00 ms.
Unloading 5127 Unused Serialized files (Serialized files now loaded: 0)
System memory in use before: 224.3 MB.
System memory in use after: 222.0 MB.

Unloading 36 unused Assets to reduce memory usage. Loaded Objects now: 5954.
Total: 7.375700 ms (FindLiveObjects: 0.423000 ms CreateObjectMapping: 0.369000 ms MarkObjects: 5.083800 ms  DeleteObjects: 1.498100 ms)

========================================================================
Received Prepare
Registering precompiled user dll's ...
Registered in 0.002701 seconds.
Begin MonoManager ReloadAssembly
Symbol file LoadedFromMemory doesn't match image D:\Desktop\Game Dev\Project Vrij I\Project Map\WizardGame\ProjectVrij\Library\PackageCache\com.unity.visualscripting@1.6.1\Editor\VisualScripting.Core\Dependencies\YamlDotNet\Unity.VisualScripting.YamlDotNet.dll
Symbol file LoadedFromMemory doesn't match image D:\Desktop\Game Dev\Project Vrij I\Project Map\WizardGame\ProjectVrij\Library\PackageCache\com.unity.visualscripting@1.6.1\Editor\VisualScripting.Core\Dependencies\DotNetZip\Unity.VisualScripting.IonicZip.dll
Native extension for WindowsStandalone target not found
Refreshing native plugins compatible for Editor in 0.90 ms, found 1 plugins.
Preloading 0 native plugins for Editor in 0.00 ms.
Mono: successfully reloaded assembly
- Completed reload, in  1.575 seconds
Platform modules already initialized, skipping
Refreshing native plugins compatible for Editor in 1.33 ms, found 1 plugins.
Preloading 0 native plugins for Editor in 0.00 ms.
Unloading 5110 Unused Serialized files (Serialized files now loaded: 0)
System memory in use before: 223.4 MB.
System memory in use after: 221.1 MB.

Unloading 36 unused Assets to reduce memory usage. Loaded Objects now: 5957.
Total: 5.204800 ms (FindLiveObjects: 0.474200 ms CreateObjectMapping: 0.262300 ms MarkObjects: 2.942100 ms  DeleteObjects: 1.525200 ms)

========================================================================
Received Prepare
Registering precompiled user dll's ...
Registered in 0.003576 seconds.
Begin MonoManager ReloadAssembly
Symbol file LoadedFromMemory doesn't match image D:\Desktop\Game Dev\Project Vrij I\Project Map\WizardGame\ProjectVrij\Library\PackageCache\com.unity.visualscripting@1.6.1\Editor\VisualScripting.Core\Dependencies\YamlDotNet\Unity.VisualScripting.YamlDotNet.dll
Symbol file LoadedFromMemory doesn't match image D:\Desktop\Game Dev\Project Vrij I\Project Map\WizardGame\ProjectVrij\Library\PackageCache\com.unity.visualscripting@1.6.1\Editor\VisualScripting.Core\Dependencies\DotNetZip\Unity.VisualScripting.IonicZip.dll
Native extension for WindowsStandalone target not found
Refreshing native plugins compatible for Editor in 0.90 ms, found 1 plugins.
Preloading 0 native plugins for Editor in 0.00 ms.
Mono: successfully reloaded assembly
- Completed reload, in  1.344 seconds
Platform modules already initialized, skipping
Refreshing native plugins compatible for Editor in 0.97 ms, found 1 plugins.
Preloading 0 native plugins for Editor in 0.00 ms.
Unloading 5110 Unused Serialized files (Serialized files now loaded: 0)
System memory in use before: 223.2 MB.
System memory in use after: 220.9 MB.

Unloading 36 unused Assets to reduce memory usage. Loaded Objects now: 5960.
Total: 5.588400 ms (FindLiveObjects: 0.714400 ms CreateObjectMapping: 0.345700 ms MarkObjects: 3.008000 ms  DeleteObjects: 1.519600 ms)

========================================================================
Received Prepare
Registering precompiled user dll's ...
Registered in 0.002691 seconds.
Begin MonoManager ReloadAssembly
Symbol file LoadedFromMemory doesn't match image D:\Desktop\Game Dev\Project Vrij I\Project Map\WizardGame\ProjectVrij\Library\PackageCache\com.unity.visualscripting@1.6.1\Editor\VisualScripting.Core\Dependencies\YamlDotNet\Unity.VisualScripting.YamlDotNet.dll
Symbol file LoadedFromMemory doesn't match image D:\Desktop\Game Dev\Project Vrij I\Project Map\WizardGame\ProjectVrij\Library\PackageCache\com.unity.visualscripting@1.6.1\Editor\VisualScripting.Core\Dependencies\DotNetZip\Unity.VisualScripting.IonicZip.dll
Native extension for WindowsStandalone target not found
Refreshing native plugins compatible for Editor in 0.85 ms, found 1 plugins.
Preloading 0 native plugins for Editor in 0.00 ms.
Mono: successfully reloaded assembly
- Completed reload, in  1.184 seconds
Platform modules already initialized, skipping
Refreshing native plugins compatible for Editor in 1.04 ms, found 1 plugins.
Preloading 0 native plugins for Editor in 0.00 ms.
Unloading 5110 Unused Serialized files (Serialized files now loaded: 0)
System memory in use before: 223.2 MB.
System memory in use after: 220.9 MB.

Unloading 36 unused Assets to reduce memory usage. Loaded Objects now: 5963.
Total: 5.427400 ms (FindLiveObjects: 0.411800 ms CreateObjectMapping: 0.258300 ms MarkObjects: 3.122300 ms  DeleteObjects: 1.633900 ms)

========================================================================
Received Prepare
Registering precompiled user dll's ...
Registered in 0.002834 seconds.
Begin MonoManager ReloadAssembly
Symbol file LoadedFromMemory doesn't match image D:\Desktop\Game Dev\Project Vrij I\Project Map\WizardGame\ProjectVrij\Library\PackageCache\com.unity.visualscripting@1.6.1\Editor\VisualScripting.Core\Dependencies\YamlDotNet\Unity.VisualScripting.YamlDotNet.dll
Symbol file LoadedFromMemory doesn't match image D:\Desktop\Game Dev\Project Vrij I\Project Map\WizardGame\ProjectVrij\Library\PackageCache\com.unity.visualscripting@1.6.1\Editor\VisualScripting.Core\Dependencies\DotNetZip\Unity.VisualScripting.IonicZip.dll
Native extension for WindowsStandalone target not found
Refreshing native plugins compatible for Editor in 0.85 ms, found 1 plugins.
Preloading 0 native plugins for Editor in 0.00 ms.
Mono: successfully reloaded assembly
- Completed reload, in  1.151 seconds
Platform modules already initialized, skipping
Refreshing native plugins compatible for Editor in 0.87 ms, found 1 plugins.
Preloading 0 native plugins for Editor in 0.00 ms.
Unloading 5110 Unused Serialized files (Serialized files now loaded: 0)
System memory in use before: 223.1 MB.
System memory in use after: 220.8 MB.

Unloading 36 unused Assets to reduce memory usage. Loaded Objects now: 5966.
Total: 4.859700 ms (FindLiveObjects: 0.407200 ms CreateObjectMapping: 0.236700 ms MarkObjects: 2.641100 ms  DeleteObjects: 1.573700 ms)

========================================================================
Received Prepare
Registering precompiled user dll's ...
Registered in 0.002678 seconds.
Begin MonoManager ReloadAssembly
Symbol file LoadedFromMemory doesn't match image D:\Desktop\Game Dev\Project Vrij I\Project Map\WizardGame\ProjectVrij\Library\PackageCache\com.unity.visualscripting@1.6.1\Editor\VisualScripting.Core\Dependencies\YamlDotNet\Unity.VisualScripting.YamlDotNet.dll
Symbol file LoadedFromMemory doesn't match image D:\Desktop\Game Dev\Project Vrij I\Project Map\WizardGame\ProjectVrij\Library\PackageCache\com.unity.visualscripting@1.6.1\Editor\VisualScripting.Core\Dependencies\DotNetZip\Unity.VisualScripting.IonicZip.dll
Native extension for WindowsStandalone target not found
Refreshing native plugins compatible for Editor in 1.20 ms, found 1 plugins.
Preloading 0 native plugins for Editor in 0.00 ms.
Mono: successfully reloaded assembly
- Completed reload, in  2.211 seconds
Platform modules already initialized, skipping
Refreshing native plugins compatible for Editor in 0.90 ms, found 1 plugins.
Preloading 0 native plugins for Editor in 0.00 ms.
Unloading 5110 Unused Serialized files (Serialized files now loaded: 0)
System memory in use before: 223.3 MB.
System memory in use after: 221.0 MB.

Unloading 36 unused Assets to reduce memory usage. Loaded Objects now: 5969.
Total: 8.299800 ms (FindLiveObjects: 0.569700 ms CreateObjectMapping: 0.352800 ms MarkObjects: 5.667000 ms  DeleteObjects: 1.709100 ms)

========================================================================
Received Prepare
Registering precompiled user dll's ...
Registered in 0.002708 seconds.
Begin MonoManager ReloadAssembly
Symbol file LoadedFromMemory doesn't match image D:\Desktop\Game Dev\Project Vrij I\Project Map\WizardGame\ProjectVrij\Library\PackageCache\com.unity.visualscripting@1.6.1\Editor\VisualScripting.Core\Dependencies\YamlDotNet\Unity.VisualScripting.YamlDotNet.dll
Symbol file LoadedFromMemory doesn't match image D:\Desktop\Game Dev\Project Vrij I\Project Map\WizardGame\ProjectVrij\Library\PackageCache\com.unity.visualscripting@1.6.1\Editor\VisualScripting.Core\Dependencies\DotNetZip\Unity.VisualScripting.IonicZip.dll
Native extension for WindowsStandalone target not found
Refreshing native plugins compatible for Editor in 0.85 ms, found 1 plugins.
Preloading 0 native plugins for Editor in 0.00 ms.
Mono: successfully reloaded assembly
- Completed reload, in  1.249 seconds
Platform modules already initialized, skipping
Refreshing native plugins compatible for Editor in 0.99 ms, found 1 plugins.
Preloading 0 native plugins for Editor in 0.00 ms.
Unloading 5110 Unused Serialized files (Serialized files now loaded: 0)
System memory in use before: 223.3 MB.
System memory in use after: 221.0 MB.

Unloading 36 unused Assets to reduce memory usage. Loaded Objects now: 5972.
Total: 4.938500 ms (FindLiveObjects: 0.414900 ms CreateObjectMapping: 0.252500 ms MarkObjects: 2.691600 ms  DeleteObjects: 1.578500 ms)

========================================================================
Received Prepare
Registering precompiled user dll's ...
Registered in 0.002703 seconds.
Begin MonoManager ReloadAssembly
Symbol file LoadedFromMemory doesn't match image D:\Desktop\Game Dev\Project Vrij I\Project Map\WizardGame\ProjectVrij\Library\PackageCache\com.unity.visualscripting@1.6.1\Editor\VisualScripting.Core\Dependencies\YamlDotNet\Unity.VisualScripting.YamlDotNet.dll
Symbol file LoadedFromMemory doesn't match image D:\Desktop\Game Dev\Project Vrij I\Project Map\WizardGame\ProjectVrij\Library\PackageCache\com.unity.visualscripting@1.6.1\Editor\VisualScripting.Core\Dependencies\DotNetZip\Unity.VisualScripting.IonicZip.dll
Native extension for WindowsStandalone target not found
Refreshing native plugins compatible for Editor in 1.05 ms, found 1 plugins.
Preloading 0 native plugins for Editor in 0.00 ms.
Mono: successfully reloaded assembly
- Completed reload, in  1.256 seconds
Platform modules already initialized, skipping
Refreshing native plugins compatible for Editor in 1.00 ms, found 1 plugins.
Preloading 0 native plugins for Editor in 0.00 ms.
Unloading 5110 Unused Serialized files (Serialized files now loaded: 0)
System memory in use before: 223.3 MB.
System memory in use after: 221.0 MB.

Unloading 36 unused Assets to reduce memory usage. Loaded Objects now: 5975.
Total: 6.902500 ms (FindLiveObjects: 0.833500 ms CreateObjectMapping: 0.684500 ms MarkObjects: 3.572400 ms  DeleteObjects: 1.810900 ms)

========================================================================
Received Prepare
Registering precompiled user dll's ...
Registered in 0.002858 seconds.
Begin MonoManager ReloadAssembly
Symbol file LoadedFromMemory doesn't match image D:\Desktop\Game Dev\Project Vrij I\Project Map\WizardGame\ProjectVrij\Library\PackageCache\com.unity.visualscripting@1.6.1\Editor\VisualScripting.Core\Dependencies\YamlDotNet\Unity.VisualScripting.YamlDotNet.dll
Symbol file LoadedFromMemory doesn't match image D:\Desktop\Game Dev\Project Vrij I\Project Map\WizardGame\ProjectVrij\Library\PackageCache\com.unity.visualscripting@1.6.1\Editor\VisualScripting.Core\Dependencies\DotNetZip\Unity.VisualScripting.IonicZip.dll
Native extension for WindowsStandalone target not found
Refreshing native plugins compatible for Editor in 0.83 ms, found 1 plugins.
Preloading 0 native plugins for Editor in 0.00 ms.
Mono: successfully reloaded assembly
- Completed reload, in  1.289 seconds
Platform modules already initialized, skipping
Refreshing native plugins compatible for Editor in 0.86 ms, found 1 plugins.
Preloading 0 native plugins for Editor in 0.00 ms.
Unloading 5110 Unused Serialized files (Serialized files now loaded: 0)
System memory in use before: 223.3 MB.
System memory in use after: 221.0 MB.

Unloading 36 unused Assets to reduce memory usage. Loaded Objects now: 5978.
Total: 4.692300 ms (FindLiveObjects: 0.402300 ms CreateObjectMapping: 0.278500 ms MarkObjects: 2.452000 ms  DeleteObjects: 1.558500 ms)

========================================================================
Received Prepare
Registering precompiled user dll's ...
Registered in 0.002726 seconds.
Begin MonoManager ReloadAssembly
Symbol file LoadedFromMemory doesn't match image D:\Desktop\Game Dev\Project Vrij I\Project Map\WizardGame\ProjectVrij\Library\PackageCache\com.unity.visualscripting@1.6.1\Editor\VisualScripting.Core\Dependencies\YamlDotNet\Unity.VisualScripting.YamlDotNet.dll
Symbol file LoadedFromMemory doesn't match image D:\Desktop\Game Dev\Project Vrij I\Project Map\WizardGame\ProjectVrij\Library\PackageCache\com.unity.visualscripting@1.6.1\Editor\VisualScripting.Core\Dependencies\DotNetZip\Unity.VisualScripting.IonicZip.dll
Native extension for WindowsStandalone target not found
Refreshing native plugins compatible for Editor in 0.86 ms, found 1 plugins.
Preloading 0 native plugins for Editor in 0.00 ms.
Mono: successfully reloaded assembly
- Completed reload, in  1.310 seconds
Platform modules already initialized, skipping
Refreshing native plugins compatible for Editor in 0.90 ms, found 1 plugins.
Preloading 0 native plugins for Editor in 0.00 ms.
Unloading 5110 Unused Serialized files (Serialized files now loaded: 0)
System memory in use before: 223.1 MB.
System memory in use after: 220.8 MB.

Unloading 36 unused Assets to reduce memory usage. Loaded Objects now: 5981.
Total: 14.581400 ms (FindLiveObjects: 0.472500 ms CreateObjectMapping: 0.296600 ms MarkObjects: 11.629100 ms  DeleteObjects: 2.181800 ms)

========================================================================
Received Prepare
Registering precompiled user dll's ...
Registered in 0.002706 seconds.
Begin MonoManager ReloadAssembly
Symbol file LoadedFromMemory doesn't match image D:\Desktop\Game Dev\Project Vrij I\Project Map\WizardGame\ProjectVrij\Library\PackageCache\com.unity.visualscripting@1.6.1\Editor\VisualScripting.Core\Dependencies\YamlDotNet\Unity.VisualScripting.YamlDotNet.dll
Symbol file LoadedFromMemory doesn't match image D:\Desktop\Game Dev\Project Vrij I\Project Map\WizardGame\ProjectVrij\Library\PackageCache\com.unity.visualscripting@1.6.1\Editor\VisualScripting.Core\Dependencies\DotNetZip\Unity.VisualScripting.IonicZip.dll
Native extension for WindowsStandalone target not found
Refreshing native plugins compatible for Editor in 0.85 ms, found 1 plugins.
Preloading 0 native plugins for Editor in 0.00 ms.
Mono: successfully reloaded assembly
- Completed reload, in  1.330 seconds
Platform modules already initialized, skipping
Refreshing native plugins compatible for Editor in 0.89 ms, found 1 plugins.
Preloading 0 native plugins for Editor in 0.00 ms.
Unloading 5110 Unused Serialized files (Serialized files now loaded: 0)
System memory in use before: 223.2 MB.
System memory in use after: 220.8 MB.

Unloading 36 unused Assets to reduce memory usage. Loaded Objects now: 5984.
Total: 4.921600 ms (FindLiveObjects: 0.419500 ms CreateObjectMapping: 0.253800 ms MarkObjects: 2.646600 ms  DeleteObjects: 1.600700 ms)

========================================================================
Received Prepare
Registering precompiled user dll's ...
Registered in 0.003197 seconds.
Begin MonoManager ReloadAssembly
Symbol file LoadedFromMemory doesn't match image D:\Desktop\Game Dev\Project Vrij I\Project Map\WizardGame\ProjectVrij\Library\PackageCache\com.unity.visualscripting@1.6.1\Editor\VisualScripting.Core\Dependencies\YamlDotNet\Unity.VisualScripting.YamlDotNet.dll
Symbol file LoadedFromMemory doesn't match image D:\Desktop\Game Dev\Project Vrij I\Project Map\WizardGame\ProjectVrij\Library\PackageCache\com.unity.visualscripting@1.6.1\Editor\VisualScripting.Core\Dependencies\DotNetZip\Unity.VisualScripting.IonicZip.dll
Native extension for WindowsStandalone target not found
Refreshing native plugins compatible for Editor in 0.89 ms, found 1 plugins.
Preloading 0 native plugins for Editor in 0.00 ms.
Mono: successfully reloaded assembly
- Completed reload, in  1.524 seconds
Platform modules already initialized, skipping
Refreshing native plugins compatible for Editor in 0.91 ms, found 1 plugins.
Preloading 0 native plugins for Editor in 0.00 ms.
Unloading 5110 Unused Serialized files (Serialized files now loaded: 0)
System memory in use before: 223.4 MB.
System memory in use after: 221.0 MB.

Unloading 36 unused Assets to reduce memory usage. Loaded Objects now: 5987.
Total: 5.710200 ms (FindLiveObjects: 0.431300 ms CreateObjectMapping: 0.282900 ms MarkObjects: 3.071300 ms  DeleteObjects: 1.924000 ms)

========================================================================
Received Prepare
Registering precompiled user dll's ...
Registered in 0.003911 seconds.
Begin MonoManager ReloadAssembly
Symbol file LoadedFromMemory doesn't match image D:\Desktop\Game Dev\Project Vrij I\Project Map\WizardGame\ProjectVrij\Library\PackageCache\com.unity.visualscripting@1.6.1\Editor\VisualScripting.Core\Dependencies\YamlDotNet\Unity.VisualScripting.YamlDotNet.dll
Symbol file LoadedFromMemory doesn't match image D:\Desktop\Game Dev\Project Vrij I\Project Map\WizardGame\ProjectVrij\Library\PackageCache\com.unity.visualscripting@1.6.1\Editor\VisualScripting.Core\Dependencies\DotNetZip\Unity.VisualScripting.IonicZip.dll
Native extension for WindowsStandalone target not found
Refreshing native plugins compatible for Editor in 0.85 ms, found 1 plugins.
Preloading 0 native plugins for Editor in 0.00 ms.
Mono: successfully reloaded assembly
- Completed reload, in  1.227 seconds
Platform modules already initialized, skipping
Refreshing native plugins compatible for Editor in 0.90 ms, found 1 plugins.
Preloading 0 native plugins for Editor in 0.00 ms.
Unloading 5110 Unused Serialized files (Serialized files now loaded: 0)
System memory in use before: 223.4 MB.
System memory in use after: 221.0 MB.

Unloading 36 unused Assets to reduce memory usage. Loaded Objects now: 5990.
Total: 6.911400 ms (FindLiveObjects: 0.705000 ms CreateObjectMapping: 0.451600 ms MarkObjects: 3.188300 ms  DeleteObjects: 2.565400 ms)

========================================================================
Received Prepare
Registering precompiled user dll's ...
Registered in 0.002665 seconds.
Begin MonoManager ReloadAssembly
Symbol file LoadedFromMemory doesn't match image D:\Desktop\Game Dev\Project Vrij I\Project Map\WizardGame\ProjectVrij\Library\PackageCache\com.unity.visualscripting@1.6.1\Editor\VisualScripting.Core\Dependencies\YamlDotNet\Unity.VisualScripting.YamlDotNet.dll
Symbol file LoadedFromMemory doesn't match image D:\Desktop\Game Dev\Project Vrij I\Project Map\WizardGame\ProjectVrij\Library\PackageCache\com.unity.visualscripting@1.6.1\Editor\VisualScripting.Core\Dependencies\DotNetZip\Unity.VisualScripting.IonicZip.dll
Native extension for WindowsStandalone target not found
Refreshing native plugins compatible for Editor in 1.14 ms, found 1 plugins.
Preloading 0 native plugins for Editor in 0.00 ms.
Mono: successfully reloaded assembly
- Completed reload, in  1.254 seconds
Platform modules already initialized, skipping
Refreshing native plugins compatible for Editor in 1.17 ms, found 1 plugins.
Preloading 0 native plugins for Editor in 0.00 ms.
Unloading 5110 Unused Serialized files (Serialized files now loaded: 0)
System memory in use before: 223.4 MB.
System memory in use after: 221.1 MB.

Unloading 36 unused Assets to reduce memory usage. Loaded Objects now: 5993.
Total: 5.389400 ms (FindLiveObjects: 0.419800 ms CreateObjectMapping: 0.313200 ms MarkObjects: 2.823600 ms  DeleteObjects: 1.831900 ms)

