Using pre-set license
Built from '2021.1/staging' branch; Version is '2021.1.7f1 (d91830b65d9b) revision 14227504'; Using compiler version '192528614'; Build Type 'Release'
OS: 'Windows 10 Home; OS build 19041.1052; Version 2004; 64bit' Language: 'en' Physical Memory: 8065 MB
BatchMode: 1, IsHumanControllingUs: 0, StartBugReporterOnCrash: 0, Is64bit: 1, IsPro: 0

 COMMAND LINE ARGUMENTS:
D:\Program Files (x86)\Unity Editors\2021.1.7f1\Editor\Unity.exe
-adb2
-batchMode
-noUpm
-name
AssetImportWorker1
-projectPath
D:/Desktop/Game Dev/Project Vrij I/Project Map/WizardGame/ProjectVrij
-logFile
Logs/AssetImportWorker1.log
-srvPort
49956
Successfully changed project path to: D:/Desktop/Game Dev/Project Vrij I/Project Map/WizardGame/ProjectVrij
D:/Desktop/Game Dev/Project Vrij I/Project Map/WizardGame/ProjectVrij
Using Asset Import Pipeline V2.
Refreshing native plugins compatible for Editor in 306.90 ms, found 1 plugins.
Preloading 0 native plugins for Editor in 0.00 ms.
Initialize engine version: 2021.1.7f1 (d91830b65d9b)
[Subsystems] Discovering subsystems at path D:/Program Files (x86)/Unity Editors/2021.1.7f1/Editor/Data/Resources/UnitySubsystems
[Subsystems] Discovering subsystems at path D:/Desktop/Game Dev/Project Vrij I/Project Map/WizardGame/ProjectVrij/Assets
GfxDevice: creating device client; threaded=0; jobified=0
Direct3D:
    Version:  Direct3D 11.0 [level 11.1]
    Renderer: NVIDIA GeForce GTX 1050 (ID=0x1c8d)
    Vendor:   NVIDIA
    VRAM:     4021 MB
    Driver:   27.21.14.6089
Initialize mono
Mono path[0] = 'D:/Program Files (x86)/Unity Editors/2021.1.7f1/Editor/Data/Managed'
Mono path[1] = 'D:/Program Files (x86)/Unity Editors/2021.1.7f1/Editor/Data/MonoBleedingEdge/lib/mono/unityjit'
Mono config path = 'D:/Program Files (x86)/Unity Editors/2021.1.7f1/Editor/Data/MonoBleedingEdge/etc'
Using monoOptions --debugger-agent=transport=dt_socket,embedding=1,server=y,suspend=n,address=127.0.0.1:56464
Begin MonoManager ReloadAssembly
Registering precompiled unity dll's ...
Register platform support module: D:/Program Files (x86)/Unity Editors/2021.1.7f1/Editor/Data/PlaybackEngines/WindowsStandaloneSupport/UnityEditor.WindowsStandalone.Extensions.dll
Registered in 0.001959 seconds.
Native extension for WindowsStandalone target not found
Refreshing native plugins compatible for Editor in 245.70 ms, found 1 plugins.
Preloading 0 native plugins for Editor in 0.00 ms.
Mono: successfully reloaded assembly
- Completed reload, in  2.457 seconds
Platform modules already initialized, skipping
Registering precompiled user dll's ...
Registered in 0.007572 seconds.
Begin MonoManager ReloadAssembly
Symbol file LoadedFromMemory doesn't match image D:\Desktop\Game Dev\Project Vrij I\Project Map\WizardGame\ProjectVrij\Library\PackageCache\com.unity.visualscripting@1.6.1\Editor\VisualScripting.Core\Dependencies\YamlDotNet\Unity.VisualScripting.YamlDotNet.dll
Symbol file LoadedFromMemory doesn't match image D:\Desktop\Game Dev\Project Vrij I\Project Map\WizardGame\ProjectVrij\Library\PackageCache\com.unity.visualscripting@1.6.1\Editor\VisualScripting.Core\Dependencies\DotNetZip\Unity.VisualScripting.IonicZip.dll
Native extension for WindowsStandalone target not found
Refreshing native plugins compatible for Editor in 300.51 ms, found 1 plugins.
Preloading 0 native plugins for Editor in 0.00 ms.
Mono: successfully reloaded assembly
- Completed reload, in  4.523 seconds
Platform modules already initialized, skipping
========================================================================
Worker process is ready to serve import requests
Launched and connected shader compiler UnityShaderCompiler.exe after 0.95 seconds
Refreshing native plugins compatible for Editor in 2.75 ms, found 1 plugins.
Preloading 0 native plugins for Editor in 0.00 ms.
Unloading 5366 Unused Serialized files (Serialized files now loaded: 0)
System memory in use before: 224.1 MB.
System memory in use after: 221.3 MB.

Unloading 49 unused Assets to reduce memory usage. Loaded Objects now: 5808.
Total: 14.809800 ms (FindLiveObjects: 0.935600 ms CreateObjectMapping: 2.228800 ms MarkObjects: 5.926600 ms  DeleteObjects: 5.716500 ms)

========================================================================
Received Import Request.
  path: Assets/SampleSceneAssets/TutorialInfo/Readme.asset
  artifactKey: Guid(83c2ed844a8c74b779a4c823d16594b1) Importer(815301076,1909f56bfc062723c751e8b465ee728b)
Start importing Assets/SampleSceneAssets/TutorialInfo/Readme.asset using Guid(83c2ed844a8c74b779a4c823d16594b1) Importer(815301076,1909f56bfc062723c751e8b465ee728b)  -> (artifact id: '17459b2593d337ebab0d120e775ef02f') in 0.883748 seconds 
========================================================================
Received Import Request.
  Time since last request: 425.326296 seconds.
  path: Assets/Scripts/Grab_System.cs
  artifactKey: Guid(a6947e1afaeb0a34bacc60de5dbd43b1) Importer(815301076,1909f56bfc062723c751e8b465ee728b)
Start importing Assets/Scripts/Grab_System.cs using Guid(a6947e1afaeb0a34bacc60de5dbd43b1) Importer(815301076,1909f56bfc062723c751e8b465ee728b)  -> (artifact id: '65155263f2c3ffc999c93d158a970d6f') in 0.018533 seconds 
========================================================================
Received Prepare
Registering precompiled user dll's ...
Registered in 0.006757 seconds.
Begin MonoManager ReloadAssembly
Symbol file LoadedFromMemory doesn't match image D:\Desktop\Game Dev\Project Vrij I\Project Map\WizardGame\ProjectVrij\Library\PackageCache\com.unity.visualscripting@1.6.1\Editor\VisualScripting.Core\Dependencies\YamlDotNet\Unity.VisualScripting.YamlDotNet.dll
Symbol file LoadedFromMemory doesn't match image D:\Desktop\Game Dev\Project Vrij I\Project Map\WizardGame\ProjectVrij\Library\PackageCache\com.unity.visualscripting@1.6.1\Editor\VisualScripting.Core\Dependencies\DotNetZip\Unity.VisualScripting.IonicZip.dll
Native extension for WindowsStandalone target not found
Refreshing native plugins compatible for Editor in 3.88 ms, found 1 plugins.
Preloading 0 native plugins for Editor in 0.00 ms.
Mono: successfully reloaded assembly
- Completed reload, in  3.181 seconds
Platform modules already initialized, skipping
Refreshing native plugins compatible for Editor in 1.58 ms, found 1 plugins.
Preloading 0 native plugins for Editor in 0.00 ms.
Unloading 5116 Unused Serialized files (Serialized files now loaded: 0)
System memory in use before: 212.7 MB.
System memory in use after: 209.9 MB.

Unloading 42 unused Assets to reduce memory usage. Loaded Objects now: 5811.
Total: 11.394500 ms (FindLiveObjects: 0.587500 ms CreateObjectMapping: 0.552600 ms MarkObjects: 5.995000 ms  DeleteObjects: 4.255700 ms)

========================================================================
Received Prepare
Registering precompiled user dll's ...
Registered in 0.006168 seconds.
Begin MonoManager ReloadAssembly
Symbol file LoadedFromMemory doesn't match image D:\Desktop\Game Dev\Project Vrij I\Project Map\WizardGame\ProjectVrij\Library\PackageCache\com.unity.visualscripting@1.6.1\Editor\VisualScripting.Core\Dependencies\YamlDotNet\Unity.VisualScripting.YamlDotNet.dll
Symbol file LoadedFromMemory doesn't match image D:\Desktop\Game Dev\Project Vrij I\Project Map\WizardGame\ProjectVrij\Library\PackageCache\com.unity.visualscripting@1.6.1\Editor\VisualScripting.Core\Dependencies\DotNetZip\Unity.VisualScripting.IonicZip.dll
Native extension for WindowsStandalone target not found
Refreshing native plugins compatible for Editor in 1.48 ms, found 1 plugins.
Preloading 0 native plugins for Editor in 0.00 ms.
Mono: successfully reloaded assembly
- Completed reload, in  6.548 seconds
Platform modules already initialized, skipping
Refreshing native plugins compatible for Editor in 1.86 ms, found 1 plugins.
Preloading 0 native plugins for Editor in 0.00 ms.
Unloading 5116 Unused Serialized files (Serialized files now loaded: 0)
System memory in use before: 212.8 MB.
System memory in use after: 210.0 MB.

Unloading 42 unused Assets to reduce memory usage. Loaded Objects now: 5814.
Total: 11.423900 ms (FindLiveObjects: 0.687400 ms CreateObjectMapping: 0.492200 ms MarkObjects: 6.104100 ms  DeleteObjects: 4.137100 ms)

========================================================================
Received Prepare
Registering precompiled user dll's ...
Registered in 0.524377 seconds.
Begin MonoManager ReloadAssembly
Symbol file LoadedFromMemory doesn't match image D:\Desktop\Game Dev\Project Vrij I\Project Map\WizardGame\ProjectVrij\Library\PackageCache\com.unity.visualscripting@1.6.1\Editor\VisualScripting.Core\Dependencies\YamlDotNet\Unity.VisualScripting.YamlDotNet.dll
Symbol file LoadedFromMemory doesn't match image D:\Desktop\Game Dev\Project Vrij I\Project Map\WizardGame\ProjectVrij\Library\PackageCache\com.unity.visualscripting@1.6.1\Editor\VisualScripting.Core\Dependencies\DotNetZip\Unity.VisualScripting.IonicZip.dll
Native extension for WindowsStandalone target not found
Refreshing native plugins compatible for Editor in 1.02 ms, found 1 plugins.
Preloading 0 native plugins for Editor in 0.00 ms.
Mono: successfully reloaded assembly
- Completed reload, in  4.709 seconds
Platform modules already initialized, skipping
Refreshing native plugins compatible for Editor in 0.84 ms, found 1 plugins.
Preloading 0 native plugins for Editor in 0.00 ms.
Unloading 5116 Unused Serialized files (Serialized files now loaded: 0)
System memory in use before: 212.8 MB.
System memory in use after: 210.0 MB.

Unloading 42 unused Assets to reduce memory usage. Loaded Objects now: 5817.
Total: 4.888700 ms (FindLiveObjects: 0.417800 ms CreateObjectMapping: 0.287800 ms MarkObjects: 2.494900 ms  DeleteObjects: 1.686900 ms)

========================================================================
Received Prepare
Registering precompiled user dll's ...
Registered in 0.003423 seconds.
Begin MonoManager ReloadAssembly
Symbol file LoadedFromMemory doesn't match image D:\Desktop\Game Dev\Project Vrij I\Project Map\WizardGame\ProjectVrij\Library\PackageCache\com.unity.visualscripting@1.6.1\Editor\VisualScripting.Core\Dependencies\YamlDotNet\Unity.VisualScripting.YamlDotNet.dll
Symbol file LoadedFromMemory doesn't match image D:\Desktop\Game Dev\Project Vrij I\Project Map\WizardGame\ProjectVrij\Library\PackageCache\com.unity.visualscripting@1.6.1\Editor\VisualScripting.Core\Dependencies\DotNetZip\Unity.VisualScripting.IonicZip.dll
Native extension for WindowsStandalone target not found
Refreshing native plugins compatible for Editor in 1.62 ms, found 1 plugins.
Preloading 0 native plugins for Editor in 0.00 ms.
Mono: successfully reloaded assembly
- Completed reload, in  2.903 seconds
Platform modules already initialized, skipping
Refreshing native plugins compatible for Editor in 1.58 ms, found 1 plugins.
Preloading 0 native plugins for Editor in 0.00 ms.
Unloading 5116 Unused Serialized files (Serialized files now loaded: 0)
System memory in use before: 212.8 MB.
System memory in use after: 210.1 MB.

Unloading 42 unused Assets to reduce memory usage. Loaded Objects now: 5820.
Total: 12.305200 ms (FindLiveObjects: 1.257800 ms CreateObjectMapping: 1.319900 ms MarkObjects: 5.798500 ms  DeleteObjects: 3.924700 ms)

========================================================================
Received Prepare
Registering precompiled user dll's ...
Registered in 0.002745 seconds.
Begin MonoManager ReloadAssembly
Symbol file LoadedFromMemory doesn't match image D:\Desktop\Game Dev\Project Vrij I\Project Map\WizardGame\ProjectVrij\Library\PackageCache\com.unity.visualscripting@1.6.1\Editor\VisualScripting.Core\Dependencies\YamlDotNet\Unity.VisualScripting.YamlDotNet.dll
Symbol file LoadedFromMemory doesn't match image D:\Desktop\Game Dev\Project Vrij I\Project Map\WizardGame\ProjectVrij\Library\PackageCache\com.unity.visualscripting@1.6.1\Editor\VisualScripting.Core\Dependencies\DotNetZip\Unity.VisualScripting.IonicZip.dll
Native extension for WindowsStandalone target not found
Refreshing native plugins compatible for Editor in 1.19 ms, found 1 plugins.
Preloading 0 native plugins for Editor in 0.00 ms.
Mono: successfully reloaded assembly
- Completed reload, in  1.946 seconds
Platform modules already initialized, skipping
Refreshing native plugins compatible for Editor in 1.67 ms, found 1 plugins.
Preloading 0 native plugins for Editor in 0.00 ms.
Unloading 5116 Unused Serialized files (Serialized files now loaded: 0)
System memory in use before: 212.6 MB.
System memory in use after: 209.9 MB.

Unloading 42 unused Assets to reduce memory usage. Loaded Objects now: 5823.
Total: 13.729800 ms (FindLiveObjects: 0.578200 ms CreateObjectMapping: 0.506500 ms MarkObjects: 7.818600 ms  DeleteObjects: 4.823600 ms)

========================================================================
Received Prepare
Registering precompiled user dll's ...
Registered in 0.008484 seconds.
Begin MonoManager ReloadAssembly
Symbol file LoadedFromMemory doesn't match image D:\Desktop\Game Dev\Project Vrij I\Project Map\WizardGame\ProjectVrij\Library\PackageCache\com.unity.visualscripting@1.6.1\Editor\VisualScripting.Core\Dependencies\YamlDotNet\Unity.VisualScripting.YamlDotNet.dll
Symbol file LoadedFromMemory doesn't match image D:\Desktop\Game Dev\Project Vrij I\Project Map\WizardGame\ProjectVrij\Library\PackageCache\com.unity.visualscripting@1.6.1\Editor\VisualScripting.Core\Dependencies\DotNetZip\Unity.VisualScripting.IonicZip.dll
Native extension for WindowsStandalone target not found
Refreshing native plugins compatible for Editor in 1.32 ms, found 1 plugins.
Preloading 0 native plugins for Editor in 0.00 ms.
Mono: successfully reloaded assembly
- Completed reload, in  2.941 seconds
Platform modules already initialized, skipping
Refreshing native plugins compatible for Editor in 1.52 ms, found 1 plugins.
Preloading 0 native plugins for Editor in 0.00 ms.
Unloading 5116 Unused Serialized files (Serialized files now loaded: 0)
System memory in use before: 212.8 MB.
System memory in use after: 210.1 MB.

Unloading 42 unused Assets to reduce memory usage. Loaded Objects now: 5826.
Total: 11.479700 ms (FindLiveObjects: 1.124900 ms CreateObjectMapping: 1.213000 ms MarkObjects: 5.726600 ms  DeleteObjects: 3.413000 ms)

========================================================================
Received Prepare
Registering precompiled user dll's ...
Registered in 0.006251 seconds.
Begin MonoManager ReloadAssembly
Symbol file LoadedFromMemory doesn't match image D:\Desktop\Game Dev\Project Vrij I\Project Map\WizardGame\ProjectVrij\Library\PackageCache\com.unity.visualscripting@1.6.1\Editor\VisualScripting.Core\Dependencies\YamlDotNet\Unity.VisualScripting.YamlDotNet.dll
Symbol file LoadedFromMemory doesn't match image D:\Desktop\Game Dev\Project Vrij I\Project Map\WizardGame\ProjectVrij\Library\PackageCache\com.unity.visualscripting@1.6.1\Editor\VisualScripting.Core\Dependencies\DotNetZip\Unity.VisualScripting.IonicZip.dll
Native extension for WindowsStandalone target not found
Refreshing native plugins compatible for Editor in 2.15 ms, found 1 plugins.
Preloading 0 native plugins for Editor in 0.00 ms.
Mono: successfully reloaded assembly
- Completed reload, in  2.734 seconds
Platform modules already initialized, skipping
Refreshing native plugins compatible for Editor in 1.56 ms, found 1 plugins.
Preloading 0 native plugins for Editor in 0.00 ms.
Unloading 5116 Unused Serialized files (Serialized files now loaded: 0)
System memory in use before: 212.9 MB.
System memory in use after: 210.1 MB.

Unloading 42 unused Assets to reduce memory usage. Loaded Objects now: 5829.
Total: 13.029900 ms (FindLiveObjects: 1.240000 ms CreateObjectMapping: 1.058200 ms MarkObjects: 5.095200 ms  DeleteObjects: 5.633400 ms)

========================================================================
Received Prepare
Registering precompiled user dll's ...
Registered in 0.003678 seconds.
Begin MonoManager ReloadAssembly
Symbol file LoadedFromMemory doesn't match image D:\Desktop\Game Dev\Project Vrij I\Project Map\WizardGame\ProjectVrij\Library\PackageCache\com.unity.visualscripting@1.6.1\Editor\VisualScripting.Core\Dependencies\YamlDotNet\Unity.VisualScripting.YamlDotNet.dll
Symbol file LoadedFromMemory doesn't match image D:\Desktop\Game Dev\Project Vrij I\Project Map\WizardGame\ProjectVrij\Library\PackageCache\com.unity.visualscripting@1.6.1\Editor\VisualScripting.Core\Dependencies\DotNetZip\Unity.VisualScripting.IonicZip.dll
Native extension for WindowsStandalone target not found
Refreshing native plugins compatible for Editor in 0.89 ms, found 1 plugins.
Preloading 0 native plugins for Editor in 0.00 ms.
Mono: successfully reloaded assembly
- Completed reload, in  1.780 seconds
Platform modules already initialized, skipping
Refreshing native plugins compatible for Editor in 0.88 ms, found 1 plugins.
Preloading 0 native plugins for Editor in 0.00 ms.
Unloading 5116 Unused Serialized files (Serialized files now loaded: 0)
System memory in use before: 212.9 MB.
System memory in use after: 210.1 MB.

Unloading 42 unused Assets to reduce memory usage. Loaded Objects now: 5832.
Total: 5.433100 ms (FindLiveObjects: 0.440000 ms CreateObjectMapping: 0.274900 ms MarkObjects: 2.824800 ms  DeleteObjects: 1.892000 ms)

========================================================================
Received Prepare
Registering precompiled user dll's ...
Registered in 0.002847 seconds.
Begin MonoManager ReloadAssembly
Symbol file LoadedFromMemory doesn't match image D:\Desktop\Game Dev\Project Vrij I\Project Map\WizardGame\ProjectVrij\Library\PackageCache\com.unity.visualscripting@1.6.1\Editor\VisualScripting.Core\Dependencies\YamlDotNet\Unity.VisualScripting.YamlDotNet.dll
Symbol file LoadedFromMemory doesn't match image D:\Desktop\Game Dev\Project Vrij I\Project Map\WizardGame\ProjectVrij\Library\PackageCache\com.unity.visualscripting@1.6.1\Editor\VisualScripting.Core\Dependencies\DotNetZip\Unity.VisualScripting.IonicZip.dll
Native extension for WindowsStandalone target not found
Refreshing native plugins compatible for Editor in 0.88 ms, found 1 plugins.
Preloading 0 native plugins for Editor in 0.00 ms.
Mono: successfully reloaded assembly
- Completed reload, in  1.826 seconds
Platform modules already initialized, skipping
Refreshing native plugins compatible for Editor in 1.07 ms, found 1 plugins.
Preloading 0 native plugins for Editor in 0.00 ms.
Unloading 5115 Unused Serialized files (Serialized files now loaded: 0)
System memory in use before: 212.9 MB.
System memory in use after: 210.1 MB.

Unloading 43 unused Assets to reduce memory usage. Loaded Objects now: 5834.
Total: 6.446900 ms (FindLiveObjects: 0.489200 ms CreateObjectMapping: 0.382400 ms MarkObjects: 3.270700 ms  DeleteObjects: 2.303000 ms)

========================================================================
Received Prepare
Registering precompiled user dll's ...
Registered in 0.002824 seconds.
Begin MonoManager ReloadAssembly
Symbol file LoadedFromMemory doesn't match image D:\Desktop\Game Dev\Project Vrij I\Project Map\WizardGame\ProjectVrij\Library\PackageCache\com.unity.visualscripting@1.6.1\Editor\VisualScripting.Core\Dependencies\YamlDotNet\Unity.VisualScripting.YamlDotNet.dll
Symbol file LoadedFromMemory doesn't match image D:\Desktop\Game Dev\Project Vrij I\Project Map\WizardGame\ProjectVrij\Library\PackageCache\com.unity.visualscripting@1.6.1\Editor\VisualScripting.Core\Dependencies\DotNetZip\Unity.VisualScripting.IonicZip.dll
Native extension for WindowsStandalone target not found
Refreshing native plugins compatible for Editor in 1.10 ms, found 1 plugins.
Preloading 0 native plugins for Editor in 0.00 ms.
Mono: successfully reloaded assembly
- Completed reload, in  1.683 seconds
Platform modules already initialized, skipping
Refreshing native plugins compatible for Editor in 0.86 ms, found 1 plugins.
Preloading 0 native plugins for Editor in 0.00 ms.
Unloading 5115 Unused Serialized files (Serialized files now loaded: 0)
System memory in use before: 212.7 MB.
System memory in use after: 209.9 MB.

Unloading 42 unused Assets to reduce memory usage. Loaded Objects now: 5837.
Total: 132.152100 ms (FindLiveObjects: 0.397600 ms CreateObjectMapping: 0.246100 ms MarkObjects: 129.626200 ms  DeleteObjects: 1.881300 ms)

========================================================================
Received Prepare
Registering precompiled user dll's ...
Registered in 0.071138 seconds.
Begin MonoManager ReloadAssembly
Symbol file LoadedFromMemory doesn't match image D:\Desktop\Game Dev\Project Vrij I\Project Map\WizardGame\ProjectVrij\Library\PackageCache\com.unity.visualscripting@1.6.1\Editor\VisualScripting.Core\Dependencies\YamlDotNet\Unity.VisualScripting.YamlDotNet.dll
Symbol file LoadedFromMemory doesn't match image D:\Desktop\Game Dev\Project Vrij I\Project Map\WizardGame\ProjectVrij\Library\PackageCache\com.unity.visualscripting@1.6.1\Editor\VisualScripting.Core\Dependencies\DotNetZip\Unity.VisualScripting.IonicZip.dll
Native extension for WindowsStandalone target not found
Refreshing native plugins compatible for Editor in 8.51 ms, found 1 plugins.
Preloading 0 native plugins for Editor in 0.00 ms.
Mono: successfully reloaded assembly
- Completed reload, in 11.691 seconds
Platform modules already initialized, skipping
Refreshing native plugins compatible for Editor in 1.09 ms, found 1 plugins.
Preloading 0 native plugins for Editor in 0.00 ms.
Unloading 5115 Unused Serialized files (Serialized files now loaded: 0)
System memory in use before: 212.9 MB.
System memory in use after: 210.1 MB.

Unloading 42 unused Assets to reduce memory usage. Loaded Objects now: 5840.
Total: 6.278800 ms (FindLiveObjects: 0.471100 ms CreateObjectMapping: 0.320900 ms MarkObjects: 3.280600 ms  DeleteObjects: 2.204700 ms)

========================================================================
Received Prepare
Registering precompiled user dll's ...
Registered in 0.003187 seconds.
Begin MonoManager ReloadAssembly
Symbol file LoadedFromMemory doesn't match image D:\Desktop\Game Dev\Project Vrij I\Project Map\WizardGame\ProjectVrij\Library\PackageCache\com.unity.visualscripting@1.6.1\Editor\VisualScripting.Core\Dependencies\YamlDotNet\Unity.VisualScripting.YamlDotNet.dll
Symbol file LoadedFromMemory doesn't match image D:\Desktop\Game Dev\Project Vrij I\Project Map\WizardGame\ProjectVrij\Library\PackageCache\com.unity.visualscripting@1.6.1\Editor\VisualScripting.Core\Dependencies\DotNetZip\Unity.VisualScripting.IonicZip.dll
Native extension for WindowsStandalone target not found
Refreshing native plugins compatible for Editor in 1.02 ms, found 1 plugins.
Preloading 0 native plugins for Editor in 0.00 ms.
Mono: successfully reloaded assembly
- Completed reload, in  4.151 seconds
Platform modules already initialized, skipping
Refreshing native plugins compatible for Editor in 3.80 ms, found 1 plugins.
Preloading 0 native plugins for Editor in 0.00 ms.
Unloading 5115 Unused Serialized files (Serialized files now loaded: 0)
System memory in use before: 212.9 MB.
System memory in use after: 210.1 MB.

Unloading 42 unused Assets to reduce memory usage. Loaded Objects now: 5843.
Total: 8.178100 ms (FindLiveObjects: 0.802800 ms CreateObjectMapping: 0.689900 ms MarkObjects: 3.958100 ms  DeleteObjects: 2.725800 ms)

========================================================================
Received Import Request.
  Time since last request: 13117.279206 seconds.
  path: Assets/Animations/cameraAnimation.anim
  artifactKey: Guid(c6b8049f10552684ba54aadde30071e5) Importer(815301076,1909f56bfc062723c751e8b465ee728b)
Start importing Assets/Animations/cameraAnimation.anim using Guid(c6b8049f10552684ba54aadde30071e5) Importer(815301076,1909f56bfc062723c751e8b465ee728b)  -> (artifact id: '9e5b55c78fcedd8f8103d8866aeaec84') in 1.343204 seconds 
========================================================================
Received Import Request.
  Time since last request: 22.305201 seconds.
  path: Assets/Animations
  artifactKey: Guid(c9aa5ef2b12338245aee200e8c2ca615) Importer(815301076,1909f56bfc062723c751e8b465ee728b)
Start importing Assets/Animations using Guid(c9aa5ef2b12338245aee200e8c2ca615) Importer(815301076,1909f56bfc062723c751e8b465ee728b)  -> (artifact id: '954d36096062b316811ea41730672fce') in 0.005755 seconds 
========================================================================
Received Import Request.
  Time since last request: 12.376349 seconds.
  path: Assets/Animations/cameraAnimation.controller
  artifactKey: Guid(c06fa6e2946a5d547a42d269426ba104) Importer(815301076,1909f56bfc062723c751e8b465ee728b)
Start importing Assets/Animations/cameraAnimation.controller using Guid(c06fa6e2946a5d547a42d269426ba104) Importer(815301076,1909f56bfc062723c751e8b465ee728b)  -> (artifact id: '5318f4b962d1bb50c1c4a749a94b4b04') in 0.088225 seconds 
========================================================================
Received Prepare
Registering precompiled user dll's ...
Registered in 0.208496 seconds.
Begin MonoManager ReloadAssembly
Symbol file LoadedFromMemory doesn't match image D:\Desktop\Game Dev\Project Vrij I\Project Map\WizardGame\ProjectVrij\Library\PackageCache\com.unity.visualscripting@1.6.1\Editor\VisualScripting.Core\Dependencies\YamlDotNet\Unity.VisualScripting.YamlDotNet.dll
Symbol file LoadedFromMemory doesn't match image D:\Desktop\Game Dev\Project Vrij I\Project Map\WizardGame\ProjectVrij\Library\PackageCache\com.unity.visualscripting@1.6.1\Editor\VisualScripting.Core\Dependencies\DotNetZip\Unity.VisualScripting.IonicZip.dll
Native extension for WindowsStandalone target not found
Refreshing native plugins compatible for Editor in 2.22 ms, found 1 plugins.
Preloading 0 native plugins for Editor in 0.00 ms.
Mono: successfully reloaded assembly
- Completed reload, in  2.279 seconds
Platform modules already initialized, skipping
Refreshing native plugins compatible for Editor in 0.92 ms, found 1 plugins.
Preloading 0 native plugins for Editor in 0.00 ms.
Unloading 5115 Unused Serialized files (Serialized files now loaded: 0)
System memory in use before: 212.9 MB.
System memory in use after: 210.1 MB.

Unloading 42 unused Assets to reduce memory usage. Loaded Objects now: 5846.
Total: 4.867100 ms (FindLiveObjects: 0.410900 ms CreateObjectMapping: 0.217600 ms MarkObjects: 2.426500 ms  DeleteObjects: 1.810400 ms)

========================================================================
Received Prepare
Registering precompiled user dll's ...
Registered in 0.003343 seconds.
Begin MonoManager ReloadAssembly
Symbol file LoadedFromMemory doesn't match image D:\Desktop\Game Dev\Project Vrij I\Project Map\WizardGame\ProjectVrij\Library\PackageCache\com.unity.visualscripting@1.6.1\Editor\VisualScripting.Core\Dependencies\YamlDotNet\Unity.VisualScripting.YamlDotNet.dll
Symbol file LoadedFromMemory doesn't match image D:\Desktop\Game Dev\Project Vrij I\Project Map\WizardGame\ProjectVrij\Library\PackageCache\com.unity.visualscripting@1.6.1\Editor\VisualScripting.Core\Dependencies\DotNetZip\Unity.VisualScripting.IonicZip.dll
Native extension for WindowsStandalone target not found
Refreshing native plugins compatible for Editor in 1.03 ms, found 1 plugins.
Preloading 0 native plugins for Editor in 0.00 ms.
Mono: successfully reloaded assembly
- Completed reload, in  3.135 seconds
Platform modules already initialized, skipping
Refreshing native plugins compatible for Editor in 0.92 ms, found 1 plugins.
Preloading 0 native plugins for Editor in 0.00 ms.
Unloading 5115 Unused Serialized files (Serialized files now loaded: 0)
System memory in use before: 212.9 MB.
System memory in use after: 210.2 MB.

Unloading 42 unused Assets to reduce memory usage. Loaded Objects now: 5849.
Total: 29.310200 ms (FindLiveObjects: 0.540700 ms CreateObjectMapping: 0.485300 ms MarkObjects: 26.296900 ms  DeleteObjects: 1.986000 ms)

========================================================================
Received Prepare
Registering precompiled user dll's ...
Registered in 0.002655 seconds.
Begin MonoManager ReloadAssembly
Symbol file LoadedFromMemory doesn't match image D:\Desktop\Game Dev\Project Vrij I\Project Map\WizardGame\ProjectVrij\Library\PackageCache\com.unity.visualscripting@1.6.1\Editor\VisualScripting.Core\Dependencies\YamlDotNet\Unity.VisualScripting.YamlDotNet.dll
Symbol file LoadedFromMemory doesn't match image D:\Desktop\Game Dev\Project Vrij I\Project Map\WizardGame\ProjectVrij\Library\PackageCache\com.unity.visualscripting@1.6.1\Editor\VisualScripting.Core\Dependencies\DotNetZip\Unity.VisualScripting.IonicZip.dll
Native extension for WindowsStandalone target not found
Refreshing native plugins compatible for Editor in 0.97 ms, found 1 plugins.
Preloading 0 native plugins for Editor in 0.00 ms.
Mono: successfully reloaded assembly
- Completed reload, in  2.127 seconds
Platform modules already initialized, skipping
Refreshing native plugins compatible for Editor in 1.14 ms, found 1 plugins.
Preloading 0 native plugins for Editor in 0.00 ms.
Unloading 5116 Unused Serialized files (Serialized files now loaded: 0)
System memory in use before: 212.9 MB.
System memory in use after: 210.2 MB.

Unloading 42 unused Assets to reduce memory usage. Loaded Objects now: 5853.
Total: 5.043800 ms (FindLiveObjects: 0.414300 ms CreateObjectMapping: 0.330100 ms MarkObjects: 2.437000 ms  DeleteObjects: 1.861600 ms)

========================================================================
Received Import Request.
  Time since last request: 1254.238310 seconds.
  path: Assets/cutsceneControl.cs
  artifactKey: Guid(d044cba05be58084298c9d2d3dd0d650) Importer(815301076,1909f56bfc062723c751e8b465ee728b)
Start importing Assets/cutsceneControl.cs using Guid(d044cba05be58084298c9d2d3dd0d650) Importer(815301076,1909f56bfc062723c751e8b465ee728b)  -> (artifact id: '86500c347438969aa44f064fd160200c') in 0.007669 seconds 
========================================================================
Received Prepare
Registering precompiled user dll's ...
Registered in 0.003736 seconds.
Begin MonoManager ReloadAssembly
Symbol file LoadedFromMemory doesn't match image D:\Desktop\Game Dev\Project Vrij I\Project Map\WizardGame\ProjectVrij\Library\PackageCache\com.unity.visualscripting@1.6.1\Editor\VisualScripting.Core\Dependencies\YamlDotNet\Unity.VisualScripting.YamlDotNet.dll
Symbol file LoadedFromMemory doesn't match image D:\Desktop\Game Dev\Project Vrij I\Project Map\WizardGame\ProjectVrij\Library\PackageCache\com.unity.visualscripting@1.6.1\Editor\VisualScripting.Core\Dependencies\DotNetZip\Unity.VisualScripting.IonicZip.dll
Native extension for WindowsStandalone target not found
Refreshing native plugins compatible for Editor in 1.16 ms, found 1 plugins.
Preloading 0 native plugins for Editor in 0.00 ms.
Mono: successfully reloaded assembly
- Completed reload, in  2.754 seconds
Platform modules already initialized, skipping
Refreshing native plugins compatible for Editor in 1.01 ms, found 1 plugins.
Preloading 0 native plugins for Editor in 0.00 ms.
Unloading 5116 Unused Serialized files (Serialized files now loaded: 0)
System memory in use before: 213.0 MB.
System memory in use after: 210.2 MB.

Unloading 42 unused Assets to reduce memory usage. Loaded Objects now: 5856.
Total: 5.408300 ms (FindLiveObjects: 0.434200 ms CreateObjectMapping: 0.282100 ms MarkObjects: 2.608500 ms  DeleteObjects: 2.082200 ms)

========================================================================
Received Import Request.
  Time since last request: 398.091337 seconds.
  path: Assets/Animations/CM StateDrivenCamera1 Blends.asset
  artifactKey: Guid(ea107e9fe127b984e8081c742a1bb87d) Importer(815301076,1909f56bfc062723c751e8b465ee728b)
Start importing Assets/Animations/CM StateDrivenCamera1 Blends.asset using Guid(ea107e9fe127b984e8081c742a1bb87d) Importer(815301076,1909f56bfc062723c751e8b465ee728b)  -> (artifact id: '7169480e360a50031f6e3d22c59d691e') in 0.019946 seconds 
========================================================================
Received Prepare
Registering precompiled user dll's ...
Registered in 0.002985 seconds.
Begin MonoManager ReloadAssembly
Symbol file LoadedFromMemory doesn't match image D:\Desktop\Game Dev\Project Vrij I\Project Map\WizardGame\ProjectVrij\Library\PackageCache\com.unity.visualscripting@1.6.1\Editor\VisualScripting.Core\Dependencies\YamlDotNet\Unity.VisualScripting.YamlDotNet.dll
Symbol file LoadedFromMemory doesn't match image D:\Desktop\Game Dev\Project Vrij I\Project Map\WizardGame\ProjectVrij\Library\PackageCache\com.unity.visualscripting@1.6.1\Editor\VisualScripting.Core\Dependencies\DotNetZip\Unity.VisualScripting.IonicZip.dll
Native extension for WindowsStandalone target not found
Refreshing native plugins compatible for Editor in 0.90 ms, found 1 plugins.
Preloading 0 native plugins for Editor in 0.00 ms.
Mono: successfully reloaded assembly
- Completed reload, in 12.924 seconds
Platform modules already initialized, skipping
Refreshing native plugins compatible for Editor in 0.89 ms, found 1 plugins.
Preloading 0 native plugins for Editor in 0.00 ms.
Unloading 5116 Unused Serialized files (Serialized files now loaded: 0)
System memory in use before: 213.0 MB.
System memory in use after: 210.2 MB.

Unloading 42 unused Assets to reduce memory usage. Loaded Objects now: 5859.
Total: 6.621000 ms (FindLiveObjects: 0.688500 ms CreateObjectMapping: 0.612500 ms MarkObjects: 3.350200 ms  DeleteObjects: 1.954300 ms)

========================================================================
Received Prepare
Registering precompiled user dll's ...
Registered in 0.002507 seconds.
Begin MonoManager ReloadAssembly
Symbol file LoadedFromMemory doesn't match image D:\Desktop\Game Dev\Project Vrij I\Project Map\WizardGame\ProjectVrij\Library\PackageCache\com.unity.visualscripting@1.6.1\Editor\VisualScripting.Core\Dependencies\YamlDotNet\Unity.VisualScripting.YamlDotNet.dll
Symbol file LoadedFromMemory doesn't match image D:\Desktop\Game Dev\Project Vrij I\Project Map\WizardGame\ProjectVrij\Library\PackageCache\com.unity.visualscripting@1.6.1\Editor\VisualScripting.Core\Dependencies\DotNetZip\Unity.VisualScripting.IonicZip.dll
Native extension for WindowsStandalone target not found
Refreshing native plugins compatible for Editor in 1.10 ms, found 1 plugins.
Preloading 0 native plugins for Editor in 0.00 ms.
Mono: successfully reloaded assembly
- Completed reload, in  4.280 seconds
Platform modules already initialized, skipping
Refreshing native plugins compatible for Editor in 77.07 ms, found 1 plugins.
Preloading 0 native plugins for Editor in 0.00 ms.
Unloading 5116 Unused Serialized files (Serialized files now loaded: 0)
System memory in use before: 213.0 MB.
System memory in use after: 210.2 MB.

Unloading 42 unused Assets to reduce memory usage. Loaded Objects now: 5862.
Total: 6.502900 ms (FindLiveObjects: 0.534000 ms CreateObjectMapping: 0.264200 ms MarkObjects: 2.971600 ms  DeleteObjects: 2.732400 ms)

========================================================================
Received Prepare
Registering precompiled user dll's ...
Registered in 0.002479 seconds.
Begin MonoManager ReloadAssembly
Symbol file LoadedFromMemory doesn't match image D:\Desktop\Game Dev\Project Vrij I\Project Map\WizardGame\ProjectVrij\Library\PackageCache\com.unity.visualscripting@1.6.1\Editor\VisualScripting.Core\Dependencies\YamlDotNet\Unity.VisualScripting.YamlDotNet.dll
Symbol file LoadedFromMemory doesn't match image D:\Desktop\Game Dev\Project Vrij I\Project Map\WizardGame\ProjectVrij\Library\PackageCache\com.unity.visualscripting@1.6.1\Editor\VisualScripting.Core\Dependencies\DotNetZip\Unity.VisualScripting.IonicZip.dll
Native extension for WindowsStandalone target not found
Refreshing native plugins compatible for Editor in 0.90 ms, found 1 plugins.
Preloading 0 native plugins for Editor in 0.00 ms.
Mono: successfully reloaded assembly
- Completed reload, in  2.413 seconds
Platform modules already initialized, skipping
Refreshing native plugins compatible for Editor in 0.86 ms, found 1 plugins.
Preloading 0 native plugins for Editor in 0.00 ms.
Unloading 5116 Unused Serialized files (Serialized files now loaded: 0)
System memory in use before: 213.0 MB.
System memory in use after: 210.2 MB.

Unloading 42 unused Assets to reduce memory usage. Loaded Objects now: 5865.
Total: 12.758300 ms (FindLiveObjects: 0.413900 ms CreateObjectMapping: 0.266700 ms MarkObjects: 9.065600 ms  DeleteObjects: 3.010900 ms)

========================================================================
Received Prepare
Registering precompiled user dll's ...
Registered in 0.332216 seconds.
Begin MonoManager ReloadAssembly
Symbol file LoadedFromMemory doesn't match image D:\Desktop\Game Dev\Project Vrij I\Project Map\WizardGame\ProjectVrij\Library\PackageCache\com.unity.visualscripting@1.6.1\Editor\VisualScripting.Core\Dependencies\YamlDotNet\Unity.VisualScripting.YamlDotNet.dll
Symbol file LoadedFromMemory doesn't match image D:\Desktop\Game Dev\Project Vrij I\Project Map\WizardGame\ProjectVrij\Library\PackageCache\com.unity.visualscripting@1.6.1\Editor\VisualScripting.Core\Dependencies\DotNetZip\Unity.VisualScripting.IonicZip.dll
Native extension for WindowsStandalone target not found
Refreshing native plugins compatible for Editor in 0.90 ms, found 1 plugins.
Preloading 0 native plugins for Editor in 0.00 ms.
Mono: successfully reloaded assembly
- Completed reload, in  7.003 seconds
Platform modules already initialized, skipping
Refreshing native plugins compatible for Editor in 1.15 ms, found 1 plugins.
Preloading 0 native plugins for Editor in 0.00 ms.
Unloading 5116 Unused Serialized files (Serialized files now loaded: 0)
System memory in use before: 213.0 MB.
System memory in use after: 210.2 MB.

Unloading 42 unused Assets to reduce memory usage. Loaded Objects now: 5868.
Total: 5.336300 ms (FindLiveObjects: 0.393200 ms CreateObjectMapping: 0.279900 ms MarkObjects: 2.622900 ms  DeleteObjects: 2.039200 ms)

========================================================================
Received Prepare
Registering precompiled user dll's ...
Registered in 0.003106 seconds.
Begin MonoManager ReloadAssembly
Symbol file LoadedFromMemory doesn't match image D:\Desktop\Game Dev\Project Vrij I\Project Map\WizardGame\ProjectVrij\Library\PackageCache\com.unity.visualscripting@1.6.1\Editor\VisualScripting.Core\Dependencies\YamlDotNet\Unity.VisualScripting.YamlDotNet.dll
Symbol file LoadedFromMemory doesn't match image D:\Desktop\Game Dev\Project Vrij I\Project Map\WizardGame\ProjectVrij\Library\PackageCache\com.unity.visualscripting@1.6.1\Editor\VisualScripting.Core\Dependencies\DotNetZip\Unity.VisualScripting.IonicZip.dll
Native extension for WindowsStandalone target not found
Refreshing native plugins compatible for Editor in 1.79 ms, found 1 plugins.
Preloading 0 native plugins for Editor in 0.00 ms.
Mono: successfully reloaded assembly
- Completed reload, in  7.326 seconds
Platform modules already initialized, skipping
Refreshing native plugins compatible for Editor in 1.73 ms, found 1 plugins.
Preloading 0 native plugins for Editor in 0.00 ms.
Unloading 5116 Unused Serialized files (Serialized files now loaded: 0)
System memory in use before: 212.8 MB.
System memory in use after: 210.0 MB.

Unloading 42 unused Assets to reduce memory usage. Loaded Objects now: 5871.
Total: 11.873900 ms (FindLiveObjects: 1.142300 ms CreateObjectMapping: 1.450000 ms MarkObjects: 5.179500 ms  DeleteObjects: 4.099500 ms)

========================================================================
Received Prepare
Registering precompiled user dll's ...
Registered in 0.005558 seconds.
Begin MonoManager ReloadAssembly
Symbol file LoadedFromMemory doesn't match image D:\Desktop\Game Dev\Project Vrij I\Project Map\WizardGame\ProjectVrij\Library\PackageCache\com.unity.visualscripting@1.6.1\Editor\VisualScripting.Core\Dependencies\YamlDotNet\Unity.VisualScripting.YamlDotNet.dll
Symbol file LoadedFromMemory doesn't match image D:\Desktop\Game Dev\Project Vrij I\Project Map\WizardGame\ProjectVrij\Library\PackageCache\com.unity.visualscripting@1.6.1\Editor\VisualScripting.Core\Dependencies\DotNetZip\Unity.VisualScripting.IonicZip.dll
Native extension for WindowsStandalone target not found
Refreshing native plugins compatible for Editor in 0.86 ms, found 1 plugins.
Preloading 0 native plugins for Editor in 0.00 ms.
Mono: successfully reloaded assembly
- Completed reload, in  2.802 seconds
Platform modules already initialized, skipping
Refreshing native plugins compatible for Editor in 1.01 ms, found 1 plugins.
Preloading 0 native plugins for Editor in 0.00 ms.
Unloading 5116 Unused Serialized files (Serialized files now loaded: 0)
System memory in use before: 213.0 MB.
System memory in use after: 210.2 MB.

Unloading 42 unused Assets to reduce memory usage. Loaded Objects now: 5874.
Total: 5.773200 ms (FindLiveObjects: 0.415800 ms CreateObjectMapping: 0.286800 ms MarkObjects: 3.179100 ms  DeleteObjects: 1.890500 ms)

========================================================================
Received Prepare
Registering precompiled user dll's ...
Registered in 0.002826 seconds.
Begin MonoManager ReloadAssembly
Symbol file LoadedFromMemory doesn't match image D:\Desktop\Game Dev\Project Vrij I\Project Map\WizardGame\ProjectVrij\Library\PackageCache\com.unity.visualscripting@1.6.1\Editor\VisualScripting.Core\Dependencies\YamlDotNet\Unity.VisualScripting.YamlDotNet.dll
Symbol file LoadedFromMemory doesn't match image D:\Desktop\Game Dev\Project Vrij I\Project Map\WizardGame\ProjectVrij\Library\PackageCache\com.unity.visualscripting@1.6.1\Editor\VisualScripting.Core\Dependencies\DotNetZip\Unity.VisualScripting.IonicZip.dll
Native extension for WindowsStandalone target not found
Refreshing native plugins compatible for Editor in 0.97 ms, found 1 plugins.
Preloading 0 native plugins for Editor in 0.00 ms.
Mono: successfully reloaded assembly
- Completed reload, in  2.807 seconds
Platform modules already initialized, skipping
Refreshing native plugins compatible for Editor in 0.98 ms, found 1 plugins.
Preloading 0 native plugins for Editor in 0.00 ms.
Unloading 5116 Unused Serialized files (Serialized files now loaded: 0)
System memory in use before: 213.0 MB.
System memory in use after: 210.2 MB.

Unloading 42 unused Assets to reduce memory usage. Loaded Objects now: 5877.
Total: 7.025600 ms (FindLiveObjects: 0.514700 ms CreateObjectMapping: 0.314000 ms MarkObjects: 3.788800 ms  DeleteObjects: 2.406500 ms)

========================================================================
Received Prepare
Registering precompiled user dll's ...
Registered in 0.005113 seconds.
Begin MonoManager ReloadAssembly
Symbol file LoadedFromMemory doesn't match image D:\Desktop\Game Dev\Project Vrij I\Project Map\WizardGame\ProjectVrij\Library\PackageCache\com.unity.visualscripting@1.6.1\Editor\VisualScripting.Core\Dependencies\YamlDotNet\Unity.VisualScripting.YamlDotNet.dll
Symbol file LoadedFromMemory doesn't match image D:\Desktop\Game Dev\Project Vrij I\Project Map\WizardGame\ProjectVrij\Library\PackageCache\com.unity.visualscripting@1.6.1\Editor\VisualScripting.Core\Dependencies\DotNetZip\Unity.VisualScripting.IonicZip.dll
Native extension for WindowsStandalone target not found
Refreshing native plugins compatible for Editor in 0.84 ms, found 1 plugins.
Preloading 0 native plugins for Editor in 0.00 ms.
Mono: successfully reloaded assembly
- Completed reload, in  2.596 seconds
Platform modules already initialized, skipping
Refreshing native plugins compatible for Editor in 0.91 ms, found 1 plugins.
Preloading 0 native plugins for Editor in 0.00 ms.
Unloading 5116 Unused Serialized files (Serialized files now loaded: 0)
System memory in use before: 213.0 MB.
System memory in use after: 210.3 MB.

Unloading 42 unused Assets to reduce memory usage. Loaded Objects now: 5880.
Total: 5.202100 ms (FindLiveObjects: 0.418600 ms CreateObjectMapping: 0.270500 ms MarkObjects: 2.606100 ms  DeleteObjects: 1.905400 ms)

========================================================================
Received Prepare
Registering precompiled user dll's ...
Registered in 0.002441 seconds.
Begin MonoManager ReloadAssembly
Symbol file LoadedFromMemory doesn't match image D:\Desktop\Game Dev\Project Vrij I\Project Map\WizardGame\ProjectVrij\Library\PackageCache\com.unity.visualscripting@1.6.1\Editor\VisualScripting.Core\Dependencies\YamlDotNet\Unity.VisualScripting.YamlDotNet.dll
Symbol file LoadedFromMemory doesn't match image D:\Desktop\Game Dev\Project Vrij I\Project Map\WizardGame\ProjectVrij\Library\PackageCache\com.unity.visualscripting@1.6.1\Editor\VisualScripting.Core\Dependencies\DotNetZip\Unity.VisualScripting.IonicZip.dll
Native extension for WindowsStandalone target not found
Refreshing native plugins compatible for Editor in 0.85 ms, found 1 plugins.
Preloading 0 native plugins for Editor in 0.00 ms.
Mono: successfully reloaded assembly
- Completed reload, in  2.288 seconds
Platform modules already initialized, skipping
Refreshing native plugins compatible for Editor in 0.91 ms, found 1 plugins.
Preloading 0 native plugins for Editor in 0.00 ms.
Unloading 5116 Unused Serialized files (Serialized files now loaded: 0)
System memory in use before: 213.0 MB.
System memory in use after: 210.3 MB.

Unloading 42 unused Assets to reduce memory usage. Loaded Objects now: 5883.
Total: 5.449000 ms (FindLiveObjects: 0.443800 ms CreateObjectMapping: 0.278700 ms MarkObjects: 2.740600 ms  DeleteObjects: 1.984700 ms)

