Using pre-set license
Built from '2021.1/staging' branch; Version is '2021.1.7f1 (d91830b65d9b) revision 14227504'; Using compiler version '192528614'; Build Type 'Release'
OS: 'Windows 10 Pro; OS build 19042.985; Version 2009; 64bit' Language: 'nl' Physical Memory: 16296 MB
BatchMode: 1, IsHumanControllingUs: 0, StartBugReporterOnCrash: 0, Is64bit: 1, IsPro: 0

 COMMAND LINE ARGUMENTS:
C:\Program Files\Unity\Hub\Editor\2021.1.7f1\Editor\Unity.exe
-adb2
-batchMode
-noUpm
-name
AssetImportWorker0
-projectPath
C:/School/Jaar 1/Project Vrij/Game/WizardGame/ProjectVrij
-logFile
Logs/AssetImportWorker0.log
-srvPort
55319
Successfully changed project path to: C:/School/Jaar 1/Project Vrij/Game/WizardGame/ProjectVrij
C:/School/Jaar 1/Project Vrij/Game/WizardGame/ProjectVrij
Using Asset Import Pipeline V2.
Refreshing native plugins compatible for Editor in 149.76 ms, found 1 plugins.
Preloading 0 native plugins for Editor in 0.00 ms.
Initialize engine version: 2021.1.7f1 (d91830b65d9b)
[Subsystems] Discovering subsystems at path C:/Program Files/Unity/Hub/Editor/2021.1.7f1/Editor/Data/Resources/UnitySubsystems
[Subsystems] Discovering subsystems at path C:/School/Jaar 1/Project Vrij/Game/WizardGame/ProjectVrij/Assets
GfxDevice: creating device client; threaded=0; jobified=0
Direct3D:
    Version:  Direct3D 11.0 [level 11.1]
    Renderer: AMD Radeon RX 5700 (ID=0x731f)
    Vendor:   ATI
    VRAM:     8152 MB
    Driver:   27.20.14535.3005
Initialize mono
Mono path[0] = 'C:/Program Files/Unity/Hub/Editor/2021.1.7f1/Editor/Data/Managed'
Mono path[1] = 'C:/Program Files/Unity/Hub/Editor/2021.1.7f1/Editor/Data/MonoBleedingEdge/lib/mono/unityjit'
Mono config path = 'C:/Program Files/Unity/Hub/Editor/2021.1.7f1/Editor/Data/MonoBleedingEdge/etc'
Using monoOptions --debugger-agent=transport=dt_socket,embedding=1,server=y,suspend=n,address=127.0.0.1:56760
Begin MonoManager ReloadAssembly
Registering precompiled unity dll's ...
Register platform support module: C:/Program Files/Unity/Hub/Editor/2021.1.7f1/Editor/Data/PlaybackEngines/WindowsStandaloneSupport/UnityEditor.WindowsStandalone.Extensions.dll
Registered in 0.001840 seconds.
Native extension for WindowsStandalone target not found
Refreshing native plugins compatible for Editor in 137.96 ms, found 1 plugins.
Preloading 0 native plugins for Editor in 0.00 ms.
Mono: successfully reloaded assembly
- Completed reload, in  1.299 seconds
Platform modules already initialized, skipping
Registering precompiled user dll's ...
Registered in 0.002724 seconds.
Begin MonoManager ReloadAssembly
Symbol file LoadedFromMemory doesn't match image C:\School\Jaar 1\Project Vrij\Game\WizardGame\ProjectVrij\Library\PackageCache\com.unity.visualscripting@1.6.1\Editor\VisualScripting.Core\Dependencies\YamlDotNet\Unity.VisualScripting.YamlDotNet.dll
Symbol file LoadedFromMemory doesn't match image C:\School\Jaar 1\Project Vrij\Game\WizardGame\ProjectVrij\Library\PackageCache\com.unity.visualscripting@1.6.1\Editor\VisualScripting.Core\Dependencies\DotNetZip\Unity.VisualScripting.IonicZip.dll
Native extension for WindowsStandalone target not found
Refreshing native plugins compatible for Editor in 181.00 ms, found 1 plugins.
Preloading 0 native plugins for Editor in 0.00 ms.
Mono: successfully reloaded assembly
- Completed reload, in  1.639 seconds
Platform modules already initialized, skipping
========================================================================
Worker process is ready to serve import requests
Launched and connected shader compiler UnityShaderCompiler.exe after 0.06 seconds
Refreshing native plugins compatible for Editor in 1.75 ms, found 1 plugins.
Preloading 0 native plugins for Editor in 0.00 ms.
Unloading 5363 Unused Serialized files (Serialized files now loaded: 0)
System memory in use before: 223.1 MB.
System memory in use after: 220.3 MB.

Unloading 49 unused Assets to reduce memory usage. Loaded Objects now: 5802.
Total: 5.568200 ms (FindLiveObjects: 0.699400 ms CreateObjectMapping: 0.149800 ms MarkObjects: 2.873500 ms  DeleteObjects: 1.843400 ms)

========================================================================
Received Import Request.
  path: Assets/Scripts
  artifactKey: Guid(9b51fc24887e8da499edb9257e1c9516) Importer(815301076,1909f56bfc062723c751e8b465ee728b)
Start importing Assets/Scripts using Guid(9b51fc24887e8da499edb9257e1c9516) Importer(815301076,1909f56bfc062723c751e8b465ee728b)  -> (artifact id: '29be93a8183bb56ba926973fe61da27a') in 0.014950 seconds 
========================================================================
Received Import Request.
  Time since last request: 0.164939 seconds.
  path: Assets/Assets
  artifactKey: Guid(87674289280056d4dbe3df729c3a9ad4) Importer(815301076,1909f56bfc062723c751e8b465ee728b)
Start importing Assets/Assets using Guid(87674289280056d4dbe3df729c3a9ad4) Importer(815301076,1909f56bfc062723c751e8b465ee728b)  -> (artifact id: '55b74f96a955884d1bfcf706a0fe16d7') in 0.007505 seconds 
========================================================================
Received Import Request.
  Time since last request: 4.391852 seconds.
  path: Assets/UI
  artifactKey: Guid(e33189edcb2794a45b73b0c81ee7de20) Importer(815301076,1909f56bfc062723c751e8b465ee728b)
Start importing Assets/UI using Guid(e33189edcb2794a45b73b0c81ee7de20) Importer(815301076,1909f56bfc062723c751e8b465ee728b)  -> (artifact id: '75c8fffbe76bde4374b61cf6d0a458e4') in 0.007133 seconds 
========================================================================
Received Import Request.
  Time since last request: 1.726207 seconds.
  path: Assets/Scenes
  artifactKey: Guid(786fb66cb712f444c9ba83260a7fe364) Importer(815301076,1909f56bfc062723c751e8b465ee728b)
Start importing Assets/Scenes using Guid(786fb66cb712f444c9ba83260a7fe364) Importer(815301076,1909f56bfc062723c751e8b465ee728b)  -> (artifact id: 'ed4131138a9de4197b292586642d5fde') in 0.007541 seconds 
========================================================================
Received Import Request.
  Time since last request: 0.753257 seconds.
  path: Assets/Scenes/SampleScene.unity
  artifactKey: Guid(3db1837cc97a95e4c98610966fac2b0b) Importer(815301076,1909f56bfc062723c751e8b465ee728b)
Start importing Assets/Scenes/SampleScene.unity using Guid(3db1837cc97a95e4c98610966fac2b0b) Importer(815301076,1909f56bfc062723c751e8b465ee728b)  -> (artifact id: 'f2cdeef61ec3423477dceeb973585ff3') in 0.018181 seconds 
========================================================================
Received Import Request.
  Time since last request: 0.392526 seconds.
  path: Assets/Scenes/SampleScene
  artifactKey: Guid(6a5ab7f14dc90e245a38a8d287014804) Importer(815301076,1909f56bfc062723c751e8b465ee728b)
Start importing Assets/Scenes/SampleScene using Guid(6a5ab7f14dc90e245a38a8d287014804) Importer(815301076,1909f56bfc062723c751e8b465ee728b)  -> (artifact id: '1556a24f20a23705beaa1e0b0c965e55') in 0.007557 seconds 
========================================================================
Received Import Request.
  Time since last request: 10.305515 seconds.
  path: Assets/Scenes/DaveScene.unity
  artifactKey: Guid(583cbddcf012dd940bc186b0b34c7572) Importer(815301076,1909f56bfc062723c751e8b465ee728b)
Start importing Assets/Scenes/DaveScene.unity using Guid(583cbddcf012dd940bc186b0b34c7572) Importer(815301076,1909f56bfc062723c751e8b465ee728b)  -> (artifact id: 'e8985c3addaa3428d52c7b8ffa7276df') in 0.007386 seconds 
========================================================================
Received Import Request.
  Time since last request: 7.431396 seconds.
  path: Assets/Scenes/JaccoScene.unity
  artifactKey: Guid(7f0e2ce898fa3b444992de468ba100c9) Importer(815301076,1909f56bfc062723c751e8b465ee728b)
Start importing Assets/Scenes/JaccoScene.unity using Guid(7f0e2ce898fa3b444992de468ba100c9) Importer(815301076,1909f56bfc062723c751e8b465ee728b)  -> (artifact id: '970102a7cb2480bf5bdcbe1c113718ad') in 0.008098 seconds 
AssetImportWorkerClient::OnTransportError - code=2 error=End of file
